#
# There is insufficient memory for the Java Runtime Environment to continue.
# Native memory allocation (mmap) failed to map 132120576 bytes for Failed to commit area from 0x0000000082200000 to 0x000000008a000000 of length 132120576.
# Possible reasons:
#   The system is out of physical RAM or swap space
#   The process is running with CompressedOops enabled, and the Java Heap may be blocking the growth of the native heap
# Possible solutions:
#   Reduce memory load on the system
#   Increase physical memory or swap space
#   Check if swap backing store is full
#   Decrease Java heap size (-Xmx/-Xms)
#   Decrease number of Java threads
#   Decrease Java thread stack sizes (-Xss)
#   Set larger code cache with -XX:ReservedCodeCacheSize=
# This output file may be truncated or incomplete.
#
#  Out of Memory Error (./open/src/hotspot/os/windows/os_windows.cpp:3273), pid=4012, tid=1920
#
# JRE version:  (11.0.12+8) (build )
# Java VM: Java HotSpot(TM) 64-Bit Server VM (11.0.12+8-LTS-237, mixed mode, sharing, tiered, compressed oops, g1 gc, windows-amd64)
# No core dump will be written. Minidumps are not enabled by default on client versions of Windows
#

---------------  S U M M A R Y ------------

Command Line: -Dfile.encoding=windows-1251 -Duser.country=RU -Duser.language=ru -Duser.variant Main

Host: Intel(R) Core(TM) i7-3520M CPU @ 2.90GHz, 4 cores, 7G,  Windows 10 , 64 bit Build 19041 (10.0.19041.1566)
Time: Thu Mar 24 04:35:15 2022 RTZ 2 (зима) elapsed time: 0.024593 seconds (0d 0h 0m 0s)

---------------  T H R E A D  ---------------

Current thread (0x00000248b43f3800):  JavaThread "Unknown thread" [_thread_in_vm, id=1920, stack(0x000000a27fa00000,0x000000a27fb00000)]

Stack: [0x000000a27fa00000,0x000000a27fb00000]
Native frames: (J=compiled Java code, j=interpreted, Vv=VM code, C=native code)
V  [jvm.dll+0x617d9a]
V  [jvm.dll+0x74eeef]
V  [jvm.dll+0x750599]
V  [jvm.dll+0x750c23]
V  [jvm.dll+0x2438d8]
V  [jvm.dll+0x61518a]
V  [jvm.dll+0x609f45]
V  [jvm.dll+0x2f85cc]
V  [jvm.dll+0x2f8452]
V  [jvm.dll+0x2fd106]
V  [jvm.dll+0x33f6ef]
V  [jvm.dll+0x33f120]
V  [jvm.dll+0x2d5ca8]
V  [jvm.dll+0x2d6e06]
V  [jvm.dll+0x72a977]
V  [jvm.dll+0x72c21f]
V  [jvm.dll+0x34c469]
V  [jvm.dll+0x710400]
V  [jvm.dll+0x3b5baf]
V  [jvm.dll+0x3b7cb1]
C  [jli.dll+0x520b]
C  [ucrtbase.dll+0x21bb2]
C  [KERNEL32.DLL+0x17034]
C  [ntdll.dll+0x52651]


---------------  P R O C E S S  ---------------

Threads class SMR info:
_java_thread_list=0x00000248b29beb10, length=0, elements={
}

Java Threads: ( => current thread )

Other Threads:
  0x00000248b4409800 GCTaskThread "GC Thread#0" [stack: 0x000000a27fb00000,0x000000a27fc00000] [id=1824]
  0x00000248b443a800 ConcurrentGCThread "G1 Main Marker" [stack: 0x000000a27fc00000,0x000000a27fd00000] [id=9340]
  0x00000248b443d000 ConcurrentGCThread "G1 Conc#0" [stack: 0x000000a27fd00000,0x000000a27fe00000] [id=13800]

[error occurred during error reporting (printing all threads), id 0xc0000005, EXCEPTION_ACCESS_VIOLATION (0xc0000005) at pc=0x00007ffdac4a4f37]

VM state:not at safepoint (not fully initialized)

VM Mutex/Monitor currently owned by a thread:  ([mutex/lock_event])
[0x00000248b43ef9b0] Heap_lock - owner thread: 0x00000248b43f3800

Heap address: 0x0000000082200000, size: 2014 MB, Compressed Oops mode: Non-zero based: 0x0000000082200000
Narrow klass base: 0x0000000000000000, Narrow klass shift: 0

GC Heap History (0 events):
No events

Deoptimization events (0 events):
No events

Classes redefined (0 events):
No events

Internal exceptions (0 events):
No events

Events (0 events):
No events


Dynamic libraries:
0x00007ff72fa40000 - 0x00007ff72fa4f000 	C:\Program Files\Java\jdk-11.0.12\bin\java.exe
0x00007ffdd9690000 - 0x00007ffdd9885000 	C:\WINDOWS\SYSTEM32\ntdll.dll
0x00007ffdd8680000 - 0x00007ffdd873e000 	C:\WINDOWS\System32\KERNEL32.DLL
0x00007ffdd70d0000 - 0x00007ffdd7398000 	C:\WINDOWS\System32\KERNELBASE.dll
0x00007ffdd7550000 - 0x00007ffdd7650000 	C:\WINDOWS\System32\ucrtbase.dll
0x00007ffdd04a0000 - 0x00007ffdd04b8000 	C:\Program Files\Java\jdk-11.0.12\bin\jli.dll
0x00007ffdd8ab0000 - 0x00007ffdd8b5e000 	C:\WINDOWS\System32\ADVAPI32.dll
0x00007ffdd85e0000 - 0x00007ffdd867e000 	C:\WINDOWS\System32\msvcrt.dll
0x00007ffdd7a90000 - 0x00007ffdd7b2c000 	C:\WINDOWS\System32\sechost.dll
0x00007ffdd84b0000 - 0x00007ffdd85d5000 	C:\WINDOWS\System32\RPCRT4.dll
0x00007ffdd8b60000 - 0x00007ffdd8d00000 	C:\WINDOWS\System32\USER32.dll
0x00007ffdd76c0000 - 0x00007ffdd76e2000 	C:\WINDOWS\System32\win32u.dll
0x00007ffdd89d0000 - 0x00007ffdd89fb000 	C:\WINDOWS\System32\GDI32.dll
0x00007ffdd7440000 - 0x00007ffdd754b000 	C:\WINDOWS\System32\gdi32full.dll
0x00007ffdd73a0000 - 0x00007ffdd743d000 	C:\WINDOWS\System32\msvcp_win.dll
0x00007ffdd0c20000 - 0x00007ffdd0c35000 	C:\Program Files\Java\jdk-11.0.12\bin\VCRUNTIME140.dll
0x00007ffdcc540000 - 0x00007ffdcc7da000 	C:\WINDOWS\WinSxS\amd64_microsoft.windows.common-controls_6595b64144ccf1df_6.0.19041.1110_none_60b5254171f9507e\COMCTL32.dll
0x00007ffdcd4b0000 - 0x00007ffdcd4ba000 	C:\WINDOWS\SYSTEM32\VERSION.dll
0x00007ffdd8470000 - 0x00007ffdd84a0000 	C:\WINDOWS\System32\IMM32.DLL
0x00007ffdc54a0000 - 0x00007ffdc553b000 	C:\Program Files\Java\jdk-11.0.12\bin\msvcp140.dll
0x00007ffdac1c0000 - 0x00007ffdaccbf000 	C:\Program Files\Java\jdk-11.0.12\bin\server\jvm.dll
0x00007ffdd79c0000 - 0x00007ffdd79c8000 	C:\WINDOWS\System32\PSAPI.DLL
0x00007ffdd1c50000 - 0x00007ffdd1c59000 	C:\WINDOWS\SYSTEM32\WSOCK32.dll
0x00007ffdd8e10000 - 0x00007ffdd8e7b000 	C:\WINDOWS\System32\WS2_32.dll
0x00007ffdcd0e0000 - 0x00007ffdcd107000 	C:\WINDOWS\SYSTEM32\WINMM.dll
0x00007ffdd4d50000 - 0x00007ffdd4d62000 	C:\WINDOWS\SYSTEM32\kernel.appcore.dll
0x00007ffdd1b50000 - 0x00007ffdd1b60000 	C:\Program Files\Java\jdk-11.0.12\bin\verify.dll
0x00007ffdd1600000 - 0x00007ffdd17e4000 	C:\WINDOWS\SYSTEM32\DBGHELP.DLL
0x00007ffdd15b0000 - 0x00007ffdd15dc000 	C:\WINDOWS\SYSTEM32\dbgcore.DLL
0x00007ffdd6e60000 - 0x00007ffdd6ee2000 	C:\WINDOWS\System32\bcryptPrimitives.dll
0x00007ffdca2e0000 - 0x00007ffdca308000 	C:\Program Files\Java\jdk-11.0.12\bin\java.dll
0x00007ffdd0dc0000 - 0x00007ffdd0dca000 	C:\Program Files\Java\jdk-11.0.12\bin\jimage.dll
0x00007ffdd0390000 - 0x00007ffdd03a6000 	C:\Program Files\Java\jdk-11.0.12\bin\zip.dll

dbghelp: loaded successfully - version: 4.0.5 - missing functions: none
symbol engine: initialized successfully - sym options: 0x614 - pdb path: .;C:\Program Files\Java\jdk-11.0.12\bin;C:\WINDOWS\SYSTEM32;C:\WINDOWS\WinSxS\amd64_microsoft.windows.common-controls_6595b64144ccf1df_6.0.19041.1110_none_60b5254171f9507e;C:\Program Files\Java\jdk-11.0.12\bin\server

VM Arguments:
jvm_args: -Dfile.encoding=windows-1251 -Duser.country=RU -Duser.language=ru -Duser.variant 
java_command: Main
java_class_path (initial): C:\Users\Alex\IdeaProjects\BuilderGradle\api\build\classes\java\main;C:\Users\Alex\IdeaProjects\BuilderGradle\api\build\resources\main;C:\Users\Alex\IdeaProjects\BuilderGradle\service\build\libs\service-1.0-SNAPSHOT.jar;C:\Users\Alex\IdeaProjects\BuilderGradle\db\build\libs\db-1.0-SNAPSHOT.jar
Launcher Type: SUN_STANDARD

[Global flags]
     intx CICompilerCount                          = 3                                         {product} {ergonomic}
     uint ConcGCThreads                            = 1                                         {product} {ergonomic}
     uint G1ConcRefinementThreads                  = 4                                         {product} {ergonomic}
   size_t G1HeapRegionSize                         = 1048576                                   {product} {ergonomic}
    uintx GCDrainStackTargetSize                   = 64                                        {product} {ergonomic}
   size_t InitialHeapSize                          = 132120576                                 {product} {ergonomic}
   size_t MarkStackSize                            = 4194304                                   {product} {ergonomic}
   size_t MaxHeapSize                              = 2111832064                                {product} {ergonomic}
   size_t MinHeapDeltaBytes                        = 1048576                                   {product} {ergonomic}
    uintx NonNMethodCodeHeapSize                   = 5830732                                {pd product} {ergonomic}
    uintx NonProfiledCodeHeapSize                  = 122913754                              {pd product} {ergonomic}
    uintx ProfiledCodeHeapSize                     = 122913754                              {pd product} {ergonomic}
    uintx ReservedCodeCacheSize                    = 251658240                              {pd product} {ergonomic}
     bool SegmentedCodeCache                       = true                                      {product} {ergonomic}
     bool UseCompressedClassPointers               = true                                 {lp64_product} {ergonomic}
     bool UseCompressedOops                        = true                                 {lp64_product} {ergonomic}
     bool UseG1GC                                  = true                                      {product} {ergonomic}
     bool UseLargePagesIndividualAllocation        = false                                  {pd product} {ergonomic}

Logging:
Log output configuration:
 #0: stdout all=warning uptime,level,tags
 #1: stderr all=off uptime,level,tags

Environment Variables:
PATH=C:\Program Files\Common Files\Oracle\Java\javapath;C:\Program Files (x86)\Intel\iCLS Client\;C:\Program Files\Intel\iCLS Client\;C:\WINDOWS\system32;C:\WINDOWS;C:\WINDOWS\System32\Wbem;C:\WINDOWS\System32\WindowsPowerShell\v1.0\;C:\WINDOWS\System32\OpenSSH\;C:\Program Files\Intel\Intel(R) Management Engine Components\DAL;C:\Program Files\Intel\Intel(R) Management Engine Components\IPT;C:\Program Files (x86)\Intel\Intel(R) Management Engine Components\DAL;C:\Program Files (x86)\Intel\Intel(R) Management Engine Components\IPT;C:\Program Files\Git\cmd;C:\Users\Alex\AppData\Local\Microsoft\WindowsApps;
USERNAME=Alex
OS=Windows_NT
PROCESSOR_IDENTIFIER=Intel64 Family 6 Model 58 Stepping 9, GenuineIntel



---------------  S Y S T E M  ---------------

OS: Windows 10 , 64 bit Build 19041 (10.0.19041.1566)

CPU:total 4 (initial active 4) (2 cores per cpu, 2 threads per core) family 6 model 58 stepping 9 microcode 0x21, cmov, cx8, fxsr, mmx, sse, sse2, sse3, ssse3, sse4.1, sse4.2, popcnt, avx, aes, clmul, erms, ht, tsc, tscinvbit, tscinv

Memory: 4k page, system-wide physical 8055M (1060M free)
TotalPageFile size 10071M (AvailPageFile size 46M)
current process WorkingSet (physical memory assigned to process): 9M, peak: 9M
current process commit charge ("private bytes"): 51M, peak: 177M

vm_info: Java HotSpot(TM) 64-Bit Server VM (11.0.12+8-LTS-237) for windows-amd64 JRE (11.0.12+8-LTS-237), built on Jun  8 2021 11:25:59 by "mach5one" with MS VC++ 15.9 (VS2017)

END.
